<?xml version="1.0" encoding="UTF-8"?>
<!-- Generated by org.testng.reporters.JUnitXMLReporter -->
<testsuite ignored="0" hostname="Nupen" failures="0" tests="3" name="Default test" time="87.836" errors="0" timestamp="2024-04-27T15:54:59 CDT">
  <testcase classname="testcases.FBTestCase" name="FBRegistration" time="26.43"/>
  <testcase classname="testcases.FBTestCase" name="FBRegistration" time="26.469"/>
  <testcase classname="testcases.FBTestCase" name="FBRegistration" time="26.011"/>
</testsuite> <!-- Default test -->
