<?xml version="1.0" encoding="UTF-8"?>
<testng-results ignored="0" total="3" passed="3" failed="0" skipped="0">
  <reporter-output>
  </reporter-output>
  <suite started-at="2024-04-27T15:53:31 CDT" name="Default suite" finished-at="2024-04-27T15:54:59 CDT" duration-ms="87836">
    <groups>
    </groups>
    <test started-at="2024-04-27T15:53:31 CDT" name="Default test" finished-at="2024-04-27T15:54:59 CDT" duration-ms="87836">
      <class name="testcases.FBTestCase">
        <test-method is-config="true" signature="BeforeSuit()[pri:0, instance:testcases.FBTestCase@24569dba]" started-at="2024-04-27T15:53:30 CDT" name="BeforeSuit" finished-at="2024-04-27T15:53:31 CDT" duration-ms="567" status="PASS">
          <reporter-output>
          </reporter-output>
        </test-method> <!-- BeforeSuit -->
        <test-method is-config="true" signature="beforeTest()[pri:0, instance:testcases.FBTestCase@24569dba]" started-at="2024-04-27T15:53:31 CDT" name="beforeTest" finished-at="2024-04-27T15:53:31 CDT" duration-ms="1" status="PASS">
          <reporter-output>
          </reporter-output>
        </test-method> <!-- beforeTest -->
        <test-method is-config="true" signature="beforeClass()[pri:0, instance:testcases.FBTestCase@24569dba]" started-at="2024-04-27T15:53:31 CDT" name="beforeClass" finished-at="2024-04-27T15:53:31 CDT" duration-ms="1" status="PASS">
          <reporter-output>
          </reporter-output>
        </test-method> <!-- beforeClass -->
        <test-method is-config="true" signature="beforeMethod()[pri:0, instance:testcases.FBTestCase@24569dba]" started-at="2024-04-27T15:53:31 CDT" name="beforeMethod" finished-at="2024-04-27T15:53:35 CDT" duration-ms="3419" status="PASS">
          <reporter-output>
          </reporter-output>
        </test-method> <!-- beforeMethod -->
        <test-method signature="FBRegistration(java.lang.String,java.lang.String,java.lang.String,java.lang.String,java.lang.String,java.lang.String)[pri:0, instance:testcases.FBTestCase@24569dba]" started-at="2024-04-27T15:53:35 CDT" name="FBRegistration" description="FBRegistration" data-provider="ExcelDataProvider" finished-at="2024-04-27T15:54:01 CDT" duration-ms="26430" status="PASS">
          <params>
            <param index="0">
              <value>
                <![CDATA[Ripal]]>
              </value>
            </param>
            <param index="1">
              <value>
                <![CDATA[Patel]]>
              </value>
            </param>
            <param index="2">
              <value>
                <![CDATA[ripalpatel2594@gmail.com]]>
              </value>
            </param>
            <param index="3">
              <value>
                <![CDATA[Rip@l123]]>
              </value>
            </param>
            <param index="4">
              <value>
                <![CDATA[Apr/25/1994]]>
              </value>
            </param>
            <param index="5">
              <value>
                <![CDATA[Female]]>
              </value>
            </param>
          </params>
          <reporter-output>
          </reporter-output>
        </test-method> <!-- FBRegistration -->
        <test-method is-config="true" signature="afterMethod()[pri:0, instance:testcases.FBTestCase@24569dba]" started-at="2024-04-27T15:54:01 CDT" name="afterMethod" finished-at="2024-04-27T15:54:01 CDT" duration-ms="343" status="PASS">
          <reporter-output>
          </reporter-output>
        </test-method> <!-- afterMethod -->
        <test-method is-config="true" signature="beforeMethod()[pri:0, instance:testcases.FBTestCase@24569dba]" started-at="2024-04-27T15:54:01 CDT" name="beforeMethod" finished-at="2024-04-27T15:54:04 CDT" duration-ms="2100" status="PASS">
          <reporter-output>
          </reporter-output>
        </test-method> <!-- beforeMethod -->
        <test-method signature="FBRegistration(java.lang.String,java.lang.String,java.lang.String,java.lang.String,java.lang.String,java.lang.String)[pri:0, instance:testcases.FBTestCase@24569dba]" started-at="2024-04-27T15:54:04 CDT" name="FBRegistration" description="FBRegistration" data-provider="ExcelDataProvider" finished-at="2024-04-27T15:54:30 CDT" duration-ms="26469" status="PASS">
          <params>
            <param index="0">
              <value>
                <![CDATA[Nupen]]>
              </value>
            </param>
            <param index="1">
              <value>
                <![CDATA[Patel]]>
              </value>
            </param>
            <param index="2">
              <value>
                <![CDATA[nups12patel@gmail.com]]>
              </value>
            </param>
            <param index="3">
              <value>
                <![CDATA[Nups@12]]>
              </value>
            </param>
            <param index="4">
              <value>
                <![CDATA[Dec/12/1993]]>
              </value>
            </param>
            <param index="5">
              <value>
                <![CDATA[male]]>
              </value>
            </param>
          </params>
          <reporter-output>
          </reporter-output>
        </test-method> <!-- FBRegistration -->
        <test-method is-config="true" signature="afterMethod()[pri:0, instance:testcases.FBTestCase@24569dba]" started-at="2024-04-27T15:54:30 CDT" name="afterMethod" finished-at="2024-04-27T15:54:30 CDT" duration-ms="207" status="PASS">
          <reporter-output>
          </reporter-output>
        </test-method> <!-- afterMethod -->
        <test-method is-config="true" signature="beforeMethod()[pri:0, instance:testcases.FBTestCase@24569dba]" started-at="2024-04-27T15:54:30 CDT" name="beforeMethod" finished-at="2024-04-27T15:54:32 CDT" duration-ms="2094" status="PASS">
          <reporter-output>
          </reporter-output>
        </test-method> <!-- beforeMethod -->
        <test-method signature="FBRegistration(java.lang.String,java.lang.String,java.lang.String,java.lang.String,java.lang.String,java.lang.String)[pri:0, instance:testcases.FBTestCase@24569dba]" started-at="2024-04-27T15:54:32 CDT" name="FBRegistration" description="FBRegistration" data-provider="ExcelDataProvider" finished-at="2024-04-27T15:54:58 CDT" duration-ms="26011" status="PASS">
          <params>
            <param index="0">
              <value>
                <![CDATA[Parth]]>
              </value>
            </param>
            <param index="1">
              <value>
                <![CDATA[Patel]]>
              </value>
            </param>
            <param index="2">
              <value>
                <![CDATA[parthpatel11@gmail.com]]>
              </value>
            </param>
            <param index="3">
              <value>
                <![CDATA[Parth12]]>
              </value>
            </param>
            <param index="4">
              <value>
                <![CDATA[Nov/09/1997]]>
              </value>
            </param>
            <param index="5">
              <value>
                <![CDATA[male]]>
              </value>
            </param>
          </params>
          <reporter-output>
          </reporter-output>
        </test-method> <!-- FBRegistration -->
        <test-method is-config="true" signature="afterMethod()[pri:0, instance:testcases.FBTestCase@24569dba]" started-at="2024-04-27T15:54:58 CDT" name="afterMethod" finished-at="2024-04-27T15:54:59 CDT" duration-ms="179" status="PASS">
          <reporter-output>
          </reporter-output>
        </test-method> <!-- afterMethod -->
        <test-method is-config="true" signature="afterClass()[pri:0, instance:testcases.FBTestCase@24569dba]" started-at="2024-04-27T15:54:59 CDT" name="afterClass" finished-at="2024-04-27T15:54:59 CDT" duration-ms="0" status="PASS">
          <reporter-output>
          </reporter-output>
        </test-method> <!-- afterClass -->
        <test-method is-config="true" signature="afterTest()[pri:0, instance:testcases.FBTestCase@24569dba]" started-at="2024-04-27T15:54:59 CDT" name="afterTest" finished-at="2024-04-27T15:54:59 CDT" duration-ms="0" status="PASS">
          <reporter-output>
          </reporter-output>
        </test-method> <!-- afterTest -->
        <test-method is-config="true" signature="afterSuit()[pri:0, instance:testcases.FBTestCase@24569dba]" started-at="2024-04-27T15:54:59 CDT" name="afterSuit" finished-at="2024-04-27T15:54:59 CDT" duration-ms="467" status="PASS">
          <reporter-output>
          </reporter-output>
        </test-method> <!-- afterSuit -->
      </class> <!-- testcases.FBTestCase -->
    </test> <!-- Default test -->
  </suite> <!-- Default suite -->
</testng-results>
