<?xml version="1.0" encoding="UTF-8"?>
<testng-results ignored="0" total="1" passed="1" failed="0" skipped="0">
  <reporter-output>
  </reporter-output>
  <suite started-at="2024-04-24T00:08:11 CDT" name="Default suite" finished-at="2024-04-24T00:08:39 CDT" duration-ms="27469">
    <groups>
    </groups>
    <test started-at="2024-04-24T00:08:11 CDT" name="Default test" finished-at="2024-04-24T00:08:39 CDT" duration-ms="27469">
      <class name="twittertestcase.TwitterTestCase">
        <test-method is-config="true" signature="BeforeSuit()[pri:0, instance:twittertestcase.TwitterTestCase@6c284af]" started-at="2024-04-24T00:08:11 CDT" name="BeforeSuit" finished-at="2024-04-24T00:08:11 CDT" duration-ms="549" status="PASS">
          <reporter-output>
          </reporter-output>
        </test-method> <!-- BeforeSuit -->
        <test-method is-config="true" signature="beforeTest()[pri:0, instance:twittertestcase.TwitterTestCase@6c284af]" started-at="2024-04-24T00:08:11 CDT" name="beforeTest" finished-at="2024-04-24T00:08:11 CDT" duration-ms="0" status="PASS">
          <reporter-output>
          </reporter-output>
        </test-method> <!-- beforeTest -->
        <test-method is-config="true" signature="beforeClass()[pri:0, instance:twittertestcase.TwitterTestCase@6c284af]" started-at="2024-04-24T00:08:11 CDT" name="beforeClass" finished-at="2024-04-24T00:08:11 CDT" duration-ms="1" status="PASS">
          <reporter-output>
          </reporter-output>
        </test-method> <!-- beforeClass -->
        <test-method is-config="true" signature="beforeMethod()[pri:0, instance:twittertestcase.TwitterTestCase@6c284af]" started-at="2024-04-24T00:08:11 CDT" name="beforeMethod" finished-at="2024-04-24T00:08:16 CDT" duration-ms="4996" status="PASS">
          <reporter-output>
          </reporter-output>
        </test-method> <!-- beforeMethod -->
        <test-method signature="TwitterCreateNewUser()[pri:0, instance:twittertestcase.TwitterTestCase@6c284af]" started-at="2024-04-24T00:08:16 CDT" name="TwitterCreateNewUser" finished-at="2024-04-24T00:08:39 CDT" duration-ms="22165" status="PASS">
          <reporter-output>
          </reporter-output>
        </test-method> <!-- TwitterCreateNewUser -->
        <test-method is-config="true" signature="afterMethod()[pri:0, instance:twittertestcase.TwitterTestCase@6c284af]" started-at="2024-04-24T00:08:39 CDT" name="afterMethod" finished-at="2024-04-24T00:08:39 CDT" duration-ms="263" status="PASS">
          <reporter-output>
          </reporter-output>
        </test-method> <!-- afterMethod -->
        <test-method is-config="true" signature="afterClass()[pri:0, instance:twittertestcase.TwitterTestCase@6c284af]" started-at="2024-04-24T00:08:39 CDT" name="afterClass" finished-at="2024-04-24T00:08:39 CDT" duration-ms="1" status="PASS">
          <reporter-output>
          </reporter-output>
        </test-method> <!-- afterClass -->
        <test-method is-config="true" signature="afterTest()[pri:0, instance:twittertestcase.TwitterTestCase@6c284af]" started-at="2024-04-24T00:08:39 CDT" name="afterTest" finished-at="2024-04-24T00:08:39 CDT" duration-ms="1" status="PASS">
          <reporter-output>
          </reporter-output>
        </test-method> <!-- afterTest -->
        <test-method is-config="true" signature="afterSuit()[pri:0, instance:twittertestcase.TwitterTestCase@6c284af]" started-at="2024-04-24T00:08:39 CDT" name="afterSuit" finished-at="2024-04-24T00:08:39 CDT" duration-ms="462" status="PASS">
          <reporter-output>
          </reporter-output>
        </test-method> <!-- afterSuit -->
      </class> <!-- twittertestcase.TwitterTestCase -->
    </test> <!-- Default test -->
  </suite> <!-- Default suite -->
</testng-results>
